2025-05-26 11:02:05.691 [info] [main] Log level: Info
2025-05-26 11:02:05.691 [info] [main] Validating found git in: "git"
2025-05-26 11:02:05.691 [info] [main] Using git "2.47.2" from "git"
2025-05-26 11:02:05.691 [info] [Model][doInitialScan] Initial repository scan started
2025-05-26 11:02:05.691 [info] [Model][doInitialScan] Initial repository scan completed - repositories (0), closed repositories (0), parent repositories (0), unsafe repositories (0)
2025-05-26 11:03:18.668 [info] [main] Log level: Info
2025-05-26 11:03:18.668 [info] [main] Validating found git in: "git"
2025-05-26 11:03:18.668 [info] [main] Using git "2.47.2" from "git"
2025-05-26 11:03:18.668 [info] [Model][doInitialScan] Initial repository scan started
2025-05-26 11:03:18.668 [info] > git rev-parse --show-toplevel [10ms]
2025-05-26 11:03:18.668 [info] fatal: not a git repository (or any of the parent directories): .git
2025-05-26 11:03:18.668 [info] > git rev-parse --show-toplevel [2ms]
2025-05-26 11:03:18.669 [info] fatal: not a git repository (or any of the parent directories): .git
2025-05-26 11:03:18.680 [info] > git rev-parse --show-toplevel [5ms]
2025-05-26 11:03:18.680 [info] fatal: not a git repository (or any of the parent directories): .git
2025-05-26 11:03:18.684 [info] [Model][doInitialScan] Initial repository scan completed - repositories (0), closed repositories (0), parent repositories (0), unsafe repositories (0)
2025-05-26 11:03:26.965 [info] > git rev-parse --show-toplevel [2ms]
2025-05-26 11:03:26.965 [info] fatal: not a git repository (or any of the parent directories): .git
2025-05-26 11:04:04.542 [info] > git rev-parse --show-toplevel [58ms]
2025-05-26 11:04:04.542 [info] fatal: not a git repository (or any of the parent directories): .git
2025-05-26 11:05:33.167 [info] > git rev-parse --show-toplevel [2ms]
2025-05-26 11:05:33.167 [info] fatal: not a git repository (or any of the parent directories): .git
2025-05-26 11:05:41.632 [info] > git rev-parse --show-toplevel [1ms]
2025-05-26 11:05:41.632 [info] fatal: not a git repository (or any of the parent directories): .git
2025-05-26 11:05:54.693 [info] > git rev-parse --show-toplevel [1ms]
2025-05-26 11:05:54.693 [info] fatal: not a git repository (or any of the parent directories): .git
2025-05-26 11:12:14.724 [info] > git rev-parse --show-toplevel [2ms]
2025-05-26 11:12:14.724 [info] fatal: not a git repository (or any of the parent directories): .git
2025-05-26 11:21:00.715 [info] > git rev-parse --show-toplevel [1ms]
2025-05-26 11:21:00.715 [info] fatal: not a git repository (or any of the parent directories): .git
2025-05-26 11:26:06.883 [info] > git rev-parse --show-toplevel [2ms]
2025-05-26 11:26:06.895 [info] > git rev-parse --git-dir --git-common-dir [3ms]
2025-05-26 11:26:06.909 [info] [Model][openRepository] Opened repository: /root/Desktop/ML
2025-05-26 11:26:06.918 [info] > git config --get commit.template [2ms]
2025-05-26 11:26:06.920 [info] [Git][getRemotes] No remotes found in the git config file
2025-05-26 11:26:06.928 [info] > git for-each-ref --format=%(refname)%00%(upstream:short)%00%(objectname)%00%(upstream:track)%00%(upstream:remotename)%00%(upstream:remoteref) refs/heads/master refs/remotes/master [1ms]
2025-05-26 11:26:06.929 [warning] [Git][getBranch] No such branch: master
2025-05-26 11:26:06.946 [info] > git status -z -uall [10ms]
2025-05-26 11:26:06.947 [info] > git for-each-ref --sort -committerdate --format %(refname)%00%(objectname)%00%(*objectname) [2ms]
2025-05-26 11:26:06.969 [info] > git for-each-ref --format=%(refname)%00%(upstream:short)%00%(objectname)%00%(upstream:track)%00%(upstream:remotename)%00%(upstream:remoteref) refs/heads/master refs/remotes/master [9ms]
2025-05-26 11:26:06.969 [warning] [Git][getBranch] No such branch: master
2025-05-26 11:26:06.969 [error] [GitHistoryProvider][resolveHEADMergeBase] Failed to resolve merge base for master: Error: No such branch: master.
2025-05-26 11:26:06.973 [info] > git config --get commit.template [3ms]
2025-05-26 11:26:06.975 [info] [Git][getRemotes] No remotes found in the git config file
2025-05-26 11:26:06.980 [info] > git for-each-ref --format=%(refname)%00%(upstream:short)%00%(objectname)%00%(upstream:track)%00%(upstream:remotename)%00%(upstream:remoteref) refs/heads/master refs/remotes/master [0ms]
2025-05-26 11:26:06.980 [warning] [Git][getBranch] No such branch: master
2025-05-26 11:26:06.990 [info] > git status -z -uall [5ms]
2025-05-26 11:26:06.991 [info] > git for-each-ref --sort -committerdate --format %(refname)%00%(objectname)%00%(*objectname) [2ms]
2025-05-26 11:26:07.440 [info] > git check-ignore -v -z --stdin [2ms]
2025-05-26 11:26:42.650 [info] > git config --get commit.template [1ms]
2025-05-26 11:26:42.667 [info] > git for-each-ref --format=%(refname)%00%(upstream:short)%00%(objectname)%00%(upstream:track)%00%(upstream:remotename)%00%(upstream:remoteref) refs/heads/master refs/remotes/master [1ms]
2025-05-26 11:26:42.667 [warning] [Git][getBranch] No such branch: master
2025-05-26 11:26:42.697 [info] > git status -z -uall [17ms]
2025-05-26 11:26:42.698 [info] > git for-each-ref --sort -committerdate --format %(refname)%00%(objectname)%00%(*objectname) [3ms]
2025-05-26 11:27:11.203 [info] > git check-ignore -v -z --stdin [2ms]
2025-05-26 11:27:16.418 [info] > git config --get commit.template [8ms]
2025-05-26 11:27:16.418 [info] > git for-each-ref --format=%(refname)%00%(upstream:short)%00%(objectname)%00%(upstream:track)%00%(upstream:remotename)%00%(upstream:remoteref) refs/heads/master refs/remotes/master [1ms]
2025-05-26 11:27:16.418 [warning] [Git][getBranch] No such branch: master
2025-05-26 11:27:16.431 [info] > git status -z -uall [5ms]
2025-05-26 11:27:16.432 [info] > git for-each-ref --sort -committerdate --format %(refname)%00%(objectname)%00%(*objectname) [2ms]
2025-05-26 11:27:16.797 [info] > git show --textconv :sendEmail.py [20ms]
2025-05-26 11:27:16.797 [info] > git show --textconv HEAD:sendEmail.py [13ms]
2025-05-26 11:27:16.797 [info] > git ls-files --stage -- sendEmail.py [6ms]
2025-05-26 11:27:16.811 [info] > git hash-object -t tree /dev/null [1ms]
2025-05-26 11:27:16.811 [warning] [GitFileSystemProvider][readFile] File not found - git:/root/Desktop/ML/sendEmail.py.git?%7B%22path%22%3A%22%2Froot%2FDesktop%2FML%2FsendEmail.py%22%2C%22ref%22%3A%22HEAD%22%7D
2025-05-26 11:27:16.812 [info] > git cat-file -s 1446bd5986b17ecb9f2cd17bf8bc36b09a17f924 [9ms]
2025-05-26 11:27:16.812 [info] > git ls-tree -l HEAD -- sendEmail.py [16ms]
2025-05-26 11:27:16.812 [info] fatal: Not a valid object name HEAD
2025-05-26 11:27:16.813 [warning] [GitFileSystemProvider][stat] File not found - git:/root/Desktop/ML/sendEmail.py.git?%7B%22path%22%3A%22%2Froot%2FDesktop%2FML%2FsendEmail.py%22%2C%22ref%22%3A%22HEAD%22%7D
2025-05-26 11:27:20.514 [info] > git check-ignore -v -z --stdin [1ms]
2025-05-26 11:27:21.458 [info] > git config --get commit.template [10ms]
2025-05-26 11:27:21.459 [info] > git for-each-ref --format=%(refname)%00%(upstream:short)%00%(objectname)%00%(upstream:track)%00%(upstream:remotename)%00%(upstream:remoteref) refs/heads/master refs/remotes/master [2ms]
2025-05-26 11:27:21.459 [warning] [Git][getBranch] No such branch: master
2025-05-26 11:27:21.472 [info] > git status -z -uall [6ms]
2025-05-26 11:27:21.474 [info] > git for-each-ref --sort -committerdate --format %(refname)%00%(objectname)%00%(*objectname) [2ms]
2025-05-26 11:27:26.497 [info] > git config --get commit.template [10ms]
2025-05-26 11:27:26.497 [info] > git for-each-ref --format=%(refname)%00%(upstream:short)%00%(objectname)%00%(upstream:track)%00%(upstream:remotename)%00%(upstream:remoteref) refs/heads/master refs/remotes/master [1ms]
2025-05-26 11:27:26.497 [warning] [Git][getBranch] No such branch: master
2025-05-26 11:27:26.512 [info] > git status -z -uall [9ms]
2025-05-26 11:27:26.512 [info] > git for-each-ref --sort -committerdate --format %(refname)%00%(objectname)%00%(*objectname) [1ms]
2025-05-26 11:27:31.564 [info] > git check-ignore -v -z --stdin [2ms]
2025-05-26 11:27:32.032 [info] > git config --get commit.template [12ms]
2025-05-26 11:27:32.032 [info] > git for-each-ref --format=%(refname)%00%(upstream:short)%00%(objectname)%00%(upstream:track)%00%(upstream:remotename)%00%(upstream:remoteref) refs/heads/master refs/remotes/master [1ms]
2025-05-26 11:27:32.032 [warning] [Git][getBranch] No such branch: master
2025-05-26 11:27:32.044 [info] > git status -z -uall [6ms]
2025-05-26 11:27:32.046 [info] > git for-each-ref --sort -committerdate --format %(refname)%00%(objectname)%00%(*objectname) [2ms]
2025-05-26 11:27:35.287 [info] > git check-ignore -v -z --stdin [1ms]
2025-05-26 11:27:37.073 [info] > git config --get commit.template [12ms]
2025-05-26 11:27:37.074 [info] > git for-each-ref --format=%(refname)%00%(upstream:short)%00%(objectname)%00%(upstream:track)%00%(upstream:remotename)%00%(upstream:remoteref) refs/heads/master refs/remotes/master [2ms]
2025-05-26 11:27:37.074 [warning] [Git][getBranch] No such branch: master
2025-05-26 11:27:37.091 [info] > git status -z -uall [8ms]
2025-05-26 11:27:37.092 [info] > git for-each-ref --sort -committerdate --format %(refname)%00%(objectname)%00%(*objectname) [1ms]
2025-05-26 11:27:38.563 [info] > git check-ignore -v -z --stdin [1ms]
2025-05-26 11:27:42.048 [info] > git check-ignore -v -z --stdin [3ms]
2025-05-26 11:27:42.120 [info] > git config --get commit.template [12ms]
2025-05-26 11:27:42.120 [info] > git for-each-ref --format=%(refname)%00%(upstream:short)%00%(objectname)%00%(upstream:track)%00%(upstream:remotename)%00%(upstream:remoteref) refs/heads/master refs/remotes/master [2ms]
2025-05-26 11:27:42.120 [warning] [Git][getBranch] No such branch: master
2025-05-26 11:27:42.139 [info] > git status -z -uall [8ms]
2025-05-26 11:27:42.139 [info] > git for-each-ref --sort -committerdate --format %(refname)%00%(objectname)%00%(*objectname) [1ms]
2025-05-26 11:27:42.667 [info] > git check-ignore -v -z --stdin [2ms]
